<?xml version="1.0" encoding="UTF-8"?>
<!-- Generated by org.testng.reporters.JUnitXMLReporter -->
<testsuite ignored="0" hostname="DESKTOP-D2JO09O" failures="0" tests="3" name="Test2" time="0.109" errors="0" timestamp="2025-08-02T09:48:18 IST">
  <testcase classname="CampaignTest.CampaignTest" name="toCreateCampaignWithExpDateTest" time="0.0">
    <skipped/>
  </testcase> <!-- toCreateCampaignWithExpDateTest -->
  <testcase classname="CampaignTest.CampaignTest" name="toCreateCampaignWithMandatoryFieldsTest" time="0.0">
    <skipped/>
  </testcase> <!-- toCreateCampaignWithMandatoryFieldsTest -->
  <testcase classname="CampaignTest.CampaignTest" name="toCreateCampaignWithStatusTest" time="0.0">
    <skipped/>
  </testcase> <!-- toCreateCampaignWithStatusTest -->
</testsuite> <!-- Test2 -->
